<?xml version="1.0" encoding="UTF-8"?>
<robot generator="Robot 5.0.1 (Python 3.9.5 on win32)" generated="20220722 01:49:46.221" rpa="false" schemaversion="3">
<suite id="s1" name="Testes Login" source="C:\Users\nsouz\PycharmProjects\RegistroFormulario\auto_teste\testes_login.robot">
<test id="s1-t1" name="Cenário 01 - Email inválido" line="9">
<kw name="Dado que entro na página de login" library="resource">
<kw name="New Browser" library="Browser">
<arg>chromium</arg>
<arg>headless=false</arg>
<tag>BrowserControl</tag>
<tag>Setter</tag>
<doc>Create a new playwright Browser with specified options.</doc>
<msg timestamp="20220722 01:49:51.684" level="INFO">{"browser": "chromium", "headless": false, "handleSIGINT": true, "handleSIGTERM": true, "handleSIGHUP": true, "timeout": 30000.0, "devtools": false, "slowMo": 0.0, "tracesDir": "C:\\Users\\nsouz\\PycharmProjects\\RegistroFormulario\\auto_teste\\browser\\traces\\5bd267e6-295b-4927-a4a1-abc0fa5b16ae"}</msg>
<msg timestamp="20220722 01:49:54.578" level="INFO">Successfully created browser with options: {"browser":"chromium","headless":false,"handleSIGINT":true,"handleSIGTERM":true,"handleSIGHUP":true,"timeout":30000,"devtools":false,"slowMo":0,"tracesDir":"C:\\Users\\nsouz\\PycharmProjects\\RegistroFormulario\\auto_teste\\browser\\traces\\5bd267e6-295b-4927-a4a1-abc0fa5b16ae"}</msg>
<status status="PASS" starttime="20220722 01:49:51.684" endtime="20220722 01:49:54.578"/>
</kw>
<kw name="New Page" library="Browser">
<arg>https://accounts.google.com/signin/v2/identifier?hl=pt-BR&amp;passive=true&amp;continue=https%3A%2F%2Fwww.google.com.br%2F%3Fgws_rd%3Dssl&amp;ec=GAZAmgQ&amp;flowName=GlifWebSignIn&amp;flowEntry=ServiceLogin</arg>
<tag>BrowserControl</tag>
<tag>Setter</tag>
<doc>Open a new Page.</doc>
<msg timestamp="20220722 01:50:02.081" level="INFO">Successfully initialized new page object and opened url: https://accounts.google.com/signin/v2/identifier?hl=pt-BR&amp;passive=true&amp;continue=https%3A%2F%2Fwww.google.com.br%2F%3Fgws_rd%3Dssl&amp;ec=GAZAmgQ&amp;flowName=GlifWebSignIn&amp;flowEntry=ServiceLogin</msg>
<msg timestamp="20220722 01:50:02.081" level="INFO">No context was open. New context was automatically opened when this page is created.</msg>
<status status="PASS" starttime="20220722 01:49:54.578" endtime="20220722 01:50:02.081"/>
</kw>
<status status="PASS" starttime="20220722 01:49:51.684" endtime="20220722 01:50:02.081"/>
</kw>
<kw name="Quando escrevo email inválido" library="resource">
<kw name="Wait For Elements State" library="Browser">
<arg>id=identifierId</arg>
<arg>visible</arg>
<arg>15</arg>
<tag>PageContent</tag>
<tag>Wait</tag>
<doc>Waits for the element found by ``selector`` to satisfy state option.</doc>
<msg timestamp="20220722 01:50:02.193" level="INFO">Waited for Element with selector id=identifierId at state visible</msg>
<status status="PASS" starttime="20220722 01:50:02.081" endtime="20220722 01:50:02.193"/>
</kw>
<kw name="Fill Text" library="Browser">
<arg>id=identifierId</arg>
<arg>teste$teste.com</arg>
<tag>PageContent</tag>
<tag>Setter</tag>
<doc>Clears and fills the given ``txt`` into the text field found by ``selector``.</doc>
<msg timestamp="20220722 01:50:02.201" level="INFO">Fills the text 'teste$teste.com' in the given field.</msg>
<status status="PASS" starttime="20220722 01:50:02.193" endtime="20220722 01:50:04.185"/>
</kw>
<kw name="Click" library="Browser">
<arg>text=Próxima</arg>
<tag>PageContent</tag>
<tag>Setter</tag>
<doc>Simulates mouse click on the element found by ``selector``.</doc>
<status status="PASS" starttime="20220722 01:50:04.185" endtime="20220722 01:50:04.851"/>
</kw>
<status status="PASS" starttime="20220722 01:50:02.081" endtime="20220722 01:50:04.851"/>
</kw>
<kw name="Então deve aparecer uma mensagem de advertência" library="resource">
<kw name="Wait For Elements State" library="Browser">
<arg>css=span[class='jibhHc']</arg>
<arg>visible</arg>
<arg>15</arg>
<tag>PageContent</tag>
<tag>Wait</tag>
<doc>Waits for the element found by ``selector`` to satisfy state option.</doc>
<msg timestamp="20220722 01:50:05.077" level="INFO">Waited for Element with selector css=span[class='jibhHc'] at state visible</msg>
<status status="PASS" starttime="20220722 01:50:04.859" endtime="20220722 01:50:05.077"/>
</kw>
<kw name="Take Screenshot" library="Browser">
<tag>PageContent</tag>
<doc>Takes a screenshot of the current window or element and saves it to disk.</doc>
<msg timestamp="20220722 01:50:05.509" level="INFO" html="true">&lt;/td&gt;&lt;/tr&gt;&lt;tr&gt;&lt;td colspan="3"&gt;&lt;a href="browser/screenshot/robotframework-browser-screenshot-1.png"&gt;&lt;img src="browser/screenshot/robotframework-browser-screenshot-1.png" width="800px"&gt;&lt;/a&gt;</msg>
<status status="PASS" starttime="20220722 01:50:05.077" endtime="20220722 01:50:05.509"/>
</kw>
<status status="PASS" starttime="20220722 01:50:04.851" endtime="20220722 01:50:05.509"/>
</kw>
<status status="PASS" starttime="20220722 01:49:51.668" endtime="20220722 01:50:05.509"/>
</test>
<test id="s1-t2" name="Cenário 02 - Senha inválida" line="14">
<kw name="Dado que acesso a página de login" library="resource">
<kw name="New Browser" library="Browser">
<arg>chromium</arg>
<arg>headless=false</arg>
<tag>BrowserControl</tag>
<tag>Setter</tag>
<doc>Create a new playwright Browser with specified options.</doc>
<msg timestamp="20220722 01:50:05.855" level="INFO">{"browser": "chromium", "headless": false, "handleSIGINT": true, "handleSIGTERM": true, "handleSIGHUP": true, "timeout": 30000.0, "devtools": false, "slowMo": 0.0, "tracesDir": "C:\\Users\\nsouz\\PycharmProjects\\RegistroFormulario\\auto_teste\\browser\\traces\\28915187-3345-48ed-bd02-4287eac43bfe"}</msg>
<msg timestamp="20220722 01:50:09.447" level="INFO">Successfully created browser with options: {"browser":"chromium","headless":false,"handleSIGINT":true,"handleSIGTERM":true,"handleSIGHUP":true,"timeout":30000,"devtools":false,"slowMo":0,"tracesDir":"C:\\Users\\nsouz\\PycharmProjects\\RegistroFormulario\\auto_teste\\browser\\traces\\28915187-3345-48ed-bd02-4287eac43bfe"}</msg>
<status status="PASS" starttime="20220722 01:50:05.855" endtime="20220722 01:50:09.447"/>
</kw>
<kw name="New Page" library="Browser">
<arg>https://accounts.google.com/ServiceLogin/identifier?continue=https%3A%2F%2Fwww.google.com.br%2F%3Fgws_rd%3Dssl&amp;sacu=1&amp;passive=1209600&amp;hl=pt-BR&amp;acui=0&amp;flowName=GlifWebSignIn&amp;flowEntry=ServiceLogin&amp;cid=1</arg>
<tag>BrowserControl</tag>
<tag>Setter</tag>
<doc>Open a new Page.</doc>
<msg timestamp="20220722 01:50:14.623" level="INFO">Successfully initialized new page object and opened url: https://accounts.google.com/ServiceLogin/identifier?continue=https%3A%2F%2Fwww.google.com.br%2F%3Fgws_rd%3Dssl&amp;sacu=1&amp;passive=1209600&amp;hl=pt-BR&amp;acui=0&amp;flowName=GlifWebSignIn&amp;flowEntry=ServiceLogin&amp;cid=1</msg>
<msg timestamp="20220722 01:50:14.623" level="INFO">No context was open. New context was automatically opened when this page is created.</msg>
<status status="PASS" starttime="20220722 01:50:09.447" endtime="20220722 01:50:14.623"/>
</kw>
<status status="PASS" starttime="20220722 01:50:05.855" endtime="20220722 01:50:14.623"/>
</kw>
<kw name="Quando clico em &quot;Esqueci email&quot;" library="resource">
<kw name="Click" library="Browser">
<arg>text=Esqueceu seu e-mail?</arg>
<tag>PageContent</tag>
<tag>Setter</tag>
<doc>Simulates mouse click on the element found by ``selector``.</doc>
<status status="PASS" starttime="20220722 01:50:14.623" endtime="20220722 01:50:14.894"/>
</kw>
<status status="PASS" starttime="20220722 01:50:14.623" endtime="20220722 01:50:14.894"/>
</kw>
<kw name="Então sou direcionado à página de recuperação" library="resource">
<kw name="New Page" library="Browser">
<arg>https://accounts.google.com/signin/v2/usernamerecovery?hl=pt-BR&amp;passive=true&amp;continue=https%3A%2F%2Fwww.google.com.br%2F%3Fgws_rd%3Dssl&amp;ec=GAZAmgQ&amp;flowName=GlifWebSignIn&amp;flowEntry=ServiceLogin</arg>
<tag>BrowserControl</tag>
<tag>Setter</tag>
<doc>Open a new Page.</doc>
<msg timestamp="20220722 01:50:17.614" level="INFO">Successfully initialized new page object and opened url: https://accounts.google.com/signin/v2/usernamerecovery?hl=pt-BR&amp;passive=true&amp;continue=https%3A%2F%2Fwww.google.com.br%2F%3Fgws_rd%3Dssl&amp;ec=GAZAmgQ&amp;flowName=GlifWebSignIn&amp;flowEntry=ServiceLogin</msg>
<status status="PASS" starttime="20220722 01:50:14.902" endtime="20220722 01:50:17.614"/>
</kw>
<kw name="Take Screenshot" library="Browser">
<tag>PageContent</tag>
<doc>Takes a screenshot of the current window or element and saves it to disk.</doc>
<msg timestamp="20220722 01:50:17.887" level="INFO" html="true">&lt;/td&gt;&lt;/tr&gt;&lt;tr&gt;&lt;td colspan="3"&gt;&lt;a href="browser/screenshot/robotframework-browser-screenshot-2.png"&gt;&lt;img src="browser/screenshot/robotframework-browser-screenshot-2.png" width="800px"&gt;&lt;/a&gt;</msg>
<status status="PASS" starttime="20220722 01:50:17.614" endtime="20220722 01:50:17.887"/>
</kw>
<status status="PASS" starttime="20220722 01:50:14.902" endtime="20220722 01:50:17.895"/>
</kw>
<status status="PASS" starttime="20220722 01:50:05.840" endtime="20220722 01:50:17.895"/>
</test>
<test id="s1-t3" name="Cenário 03 - Criar conta" line="19">
<kw name="Dado que vou para a página de login" library="resource">
<kw name="New Browser" library="Browser">
<arg>chromium</arg>
<arg>headless=false</arg>
<tag>BrowserControl</tag>
<tag>Setter</tag>
<doc>Create a new playwright Browser with specified options.</doc>
<msg timestamp="20220722 01:50:18.210" level="INFO">{"browser": "chromium", "headless": false, "handleSIGINT": true, "handleSIGTERM": true, "handleSIGHUP": true, "timeout": 30000.0, "devtools": false, "slowMo": 0.0, "tracesDir": "C:\\Users\\nsouz\\PycharmProjects\\RegistroFormulario\\auto_teste\\browser\\traces\\2603cd73-c984-4c08-a608-44a032b0bcc2"}</msg>
<msg timestamp="20220722 01:50:20.436" level="INFO">Successfully created browser with options: {"browser":"chromium","headless":false,"handleSIGINT":true,"handleSIGTERM":true,"handleSIGHUP":true,"timeout":30000,"devtools":false,"slowMo":0,"tracesDir":"C:\\Users\\nsouz\\PycharmProjects\\RegistroFormulario\\auto_teste\\browser\\traces\\2603cd73-c984-4c08-a608-44a032b0bcc2"}</msg>
<status status="PASS" starttime="20220722 01:50:18.210" endtime="20220722 01:50:20.436"/>
</kw>
<kw name="New Page" library="Browser">
<arg>https://accounts.google.com/ServiceLogin/identifier?continue=https%3A%2F%2Fwww.google.com.br%2F%3Fgws_rd%3Dssl&amp;sacu=1&amp;passive=1209600&amp;hl=pt-BR&amp;acui=0&amp;flowName=GlifWebSignIn&amp;flowEntry=ServiceLogin&amp;cid=1</arg>
<tag>BrowserControl</tag>
<tag>Setter</tag>
<doc>Open a new Page.</doc>
<msg timestamp="20220722 01:50:25.830" level="INFO">Successfully initialized new page object and opened url: https://accounts.google.com/ServiceLogin/identifier?continue=https%3A%2F%2Fwww.google.com.br%2F%3Fgws_rd%3Dssl&amp;sacu=1&amp;passive=1209600&amp;hl=pt-BR&amp;acui=0&amp;flowName=GlifWebSignIn&amp;flowEntry=ServiceLogin&amp;cid=1</msg>
<msg timestamp="20220722 01:50:25.830" level="INFO">No context was open. New context was automatically opened when this page is created.</msg>
<status status="PASS" starttime="20220722 01:50:20.436" endtime="20220722 01:50:25.830"/>
</kw>
<status status="PASS" starttime="20220722 01:50:18.210" endtime="20220722 01:50:25.830"/>
</kw>
<kw name="Quando clico em &quot;Criar Conta&quot;" library="resource">
<kw name="Click" library="Browser">
<arg>text=Criar conta</arg>
<tag>PageContent</tag>
<tag>Setter</tag>
<doc>Simulates mouse click on the element found by ``selector``.</doc>
<status status="PASS" starttime="20220722 01:50:25.830" endtime="20220722 01:50:26.810"/>
</kw>
<status status="PASS" starttime="20220722 01:50:25.830" endtime="20220722 01:50:26.810"/>
</kw>
<kw name="Então sou direcionado à página de criação da conta" library="resource">
<kw name="New Page" library="Browser">
<arg>https://accounts.google.com/signup/v2/webcreateaccount?continue=https%3A%2F%2Fwww.google.com.br%2F%3Fgws_rd%3Dssl&amp;hl=pt-BR&amp;dsh=S17403552%3A1658457156057540&amp;biz=false&amp;flowName=GlifWebSignIn&amp;flowEntry=SignUp</arg>
<tag>BrowserControl</tag>
<tag>Setter</tag>
<doc>Open a new Page.</doc>
<msg timestamp="20220722 01:50:29.564" level="INFO">Successfully initialized new page object and opened url: https://accounts.google.com/signup/v2/webcreateaccount?continue=https%3A%2F%2Fwww.google.com.br%2F%3Fgws_rd%3Dssl&amp;hl=pt-BR&amp;dsh=S17403552%3A1658457156057540&amp;biz=false&amp;flowName=GlifWebSignIn&amp;flowEntry=SignUp</msg>
<status status="PASS" starttime="20220722 01:50:26.818" endtime="20220722 01:50:29.564"/>
</kw>
<kw name="Take Screenshot" library="Browser">
<tag>PageContent</tag>
<doc>Takes a screenshot of the current window or element and saves it to disk.</doc>
<msg timestamp="20220722 01:50:29.932" level="INFO" html="true">&lt;/td&gt;&lt;/tr&gt;&lt;tr&gt;&lt;td colspan="3"&gt;&lt;a href="browser/screenshot/robotframework-browser-screenshot-3.png"&gt;&lt;img src="browser/screenshot/robotframework-browser-screenshot-3.png" width="800px"&gt;&lt;/a&gt;</msg>
<status status="PASS" starttime="20220722 01:50:29.564" endtime="20220722 01:50:29.932"/>
</kw>
<status status="PASS" starttime="20220722 01:50:26.810" endtime="20220722 01:50:29.932"/>
</kw>
<status status="PASS" starttime="20220722 01:50:18.152" endtime="20220722 01:50:29.940"/>
</test>
<doc>Arquivo com os Test Cases em BDD</doc>
<status status="PASS" starttime="20220722 01:49:46.221" endtime="20220722 01:50:30.229"/>
</suite>
<statistics>
<total>
<stat pass="3" fail="0" skip="0">All Tests</stat>
</total>
<tag>
</tag>
<suite>
<stat pass="3" fail="0" skip="0" id="s1" name="Testes Login">Testes Login</stat>
</suite>
</statistics>
<errors>
</errors>
</robot>
