<?xml version="1.0" encoding="UTF-8"?>
<robot generator="Robot 5.0.1 (Python 3.9.5 on win32)" generated="20220721 23:42:03.482" rpa="false" schemaversion="3">
<suite id="s1" name="Registro Formulario" source="C:\Users\nsouz\PycharmProjects\RegistroFormulario\form_registro\registro_formulario.robot">
<test id="s1-t1" name="Cenário 01 - Email inválido" line="9">
<kw name="Dado que entro na página de login" library="resource">
<kw name="New Browser" library="Browser">
<arg>chromium</arg>
<arg>headless=false</arg>
<tag>BrowserControl</tag>
<tag>Setter</tag>
<doc>Create a new playwright Browser with specified options.</doc>
<msg timestamp="20220721 23:42:20.931" level="INFO">{"browser": "chromium", "headless": false, "handleSIGINT": true, "handleSIGTERM": true, "handleSIGHUP": true, "timeout": 30000.0, "devtools": false, "slowMo": 0.0, "tracesDir": "C:\\Users\\nsouz\\PycharmProjects\\RegistroFormulario\\form_registro\\logs\\browser\\traces\\d06cad98-9033-4f5f-8443-cb342782fbc7"}</msg>
<msg timestamp="20220721 23:42:31.766" level="INFO">Successfully created browser with options: {"browser":"chromium","headless":false,"handleSIGINT":true,"handleSIGTERM":true,"handleSIGHUP":true,"timeout":30000,"devtools":false,"slowMo":0,"tracesDir":"C:\\Users\\nsouz\\PycharmProjects\\RegistroFormulario\\form_registro\\logs\\browser\\traces\\d06cad98-9033-4f5f-8443-cb342782fbc7"}</msg>
<status status="PASS" starttime="20220721 23:42:20.931" endtime="20220721 23:42:31.766"/>
</kw>
<kw name="New Page" library="Browser">
<arg>https://accounts.google.com/ServiceLogin/identifier?continue=https%3A%2F%2Fwww.google.com.br%2F%3Fgws_rd%3Dssl&amp;sacu=1&amp;passive=1209600&amp;hl=pt-BR&amp;acui=0&amp;flowName=GlifWebSignIn&amp;flowEntry=ServiceLogin&amp;cid=1</arg>
<tag>BrowserControl</tag>
<tag>Setter</tag>
<doc>Open a new Page.</doc>
<msg timestamp="20220721 23:42:44.199" level="INFO">Successfully initialized new page object and opened url: https://accounts.google.com/ServiceLogin/identifier?continue=https%3A%2F%2Fwww.google.com.br%2F%3Fgws_rd%3Dssl&amp;sacu=1&amp;passive=1209600&amp;hl=pt-BR&amp;acui=0&amp;flowName=GlifWebSignIn&amp;flowEntry=ServiceLogin&amp;cid=1</msg>
<msg timestamp="20220721 23:42:44.199" level="INFO">No context was open. New context was automatically opened when this page is created.</msg>
<status status="PASS" starttime="20220721 23:42:31.766" endtime="20220721 23:42:44.199"/>
</kw>
<status status="PASS" starttime="20220721 23:42:20.915" endtime="20220721 23:42:44.199"/>
</kw>
<kw name="Quando escrevo email inválido" library="resource">
<kw name="Wait For Elements State" library="Browser">
<arg>id=identifierId</arg>
<arg>visible</arg>
<arg>15</arg>
<tag>PageContent</tag>
<tag>Wait</tag>
<doc>Waits for the element found by ``selector`` to satisfy state option.</doc>
<msg timestamp="20220721 23:42:44.345" level="INFO">Waited for Element with selector id=identifierId at state visible</msg>
<status status="PASS" starttime="20220721 23:42:44.199" endtime="20220721 23:42:44.345"/>
</kw>
<kw name="Fill Text" library="Browser">
<arg>id=identifierId</arg>
<arg>teste$teste.com</arg>
<tag>PageContent</tag>
<tag>Setter</tag>
<doc>Clears and fills the given ``txt`` into the text field found by ``selector``.</doc>
<msg timestamp="20220721 23:42:44.345" level="INFO">Fills the text 'teste$teste.com' in the given field.</msg>
<status status="PASS" starttime="20220721 23:42:44.345" endtime="20220721 23:42:44.697"/>
</kw>
<kw name="Click" library="Browser">
<arg>text=Próxima</arg>
<tag>PageContent</tag>
<tag>Setter</tag>
<doc>Simulates mouse click on the element found by ``selector``.</doc>
<status status="PASS" starttime="20220721 23:42:44.697" endtime="20220721 23:42:46.913"/>
</kw>
<status status="PASS" starttime="20220721 23:42:44.199" endtime="20220721 23:42:46.917"/>
</kw>
<kw name="Então deve aparecer uma mensagem de advertência" library="resource">
<kw name="Wait For Elements State" library="Browser">
<arg>css=span[class='jibhHc']</arg>
<arg>visible</arg>
<arg>15</arg>
<tag>PageContent</tag>
<tag>Wait</tag>
<doc>Waits for the element found by ``selector`` to satisfy state option.</doc>
<msg timestamp="20220721 23:42:47.210" level="INFO">Waited for Element with selector css=span[class='jibhHc'] at state visible</msg>
<status status="PASS" starttime="20220721 23:42:46.917" endtime="20220721 23:42:47.210"/>
</kw>
<kw name="Take Screenshot" library="Browser">
<tag>PageContent</tag>
<doc>Takes a screenshot of the current window or element and saves it to disk.</doc>
<msg timestamp="20220721 23:42:47.752" level="INFO" html="true">&lt;/td&gt;&lt;/tr&gt;&lt;tr&gt;&lt;td colspan="3"&gt;&lt;a href="browser/screenshot/robotframework-browser-screenshot-1.png"&gt;&lt;img src="browser/screenshot/robotframework-browser-screenshot-1.png" width="800px"&gt;&lt;/a&gt;</msg>
<status status="PASS" starttime="20220721 23:42:47.210" endtime="20220721 23:42:47.752"/>
</kw>
<status status="PASS" starttime="20220721 23:42:46.917" endtime="20220721 23:42:47.752"/>
</kw>
<status status="PASS" starttime="20220721 23:42:20.915" endtime="20220721 23:42:47.752"/>
</test>
<test id="s1-t2" name="Cenário 02 - Senha inválida" line="14">
<kw name="Dado que acesso a página de login" library="resource">
<msg timestamp="20220721 23:42:48.060" level="FAIL">Keyword with same name defined multiple times.</msg>
<status status="FAIL" starttime="20220721 23:42:48.060" endtime="20220721 23:42:48.060"/>
</kw>
<kw name="Quando clico em &quot;Esqueci email&quot;" library="resource">
<status status="NOT RUN" starttime="20220721 23:42:48.060" endtime="20220721 23:42:48.060"/>
</kw>
<kw name="Então sou direcionado à página de recuperação" library="resource">
<status status="NOT RUN" starttime="20220721 23:42:48.060" endtime="20220721 23:42:48.060"/>
</kw>
<status status="FAIL" starttime="20220721 23:42:48.060" endtime="20220721 23:42:48.060">Keyword with same name defined multiple times.</status>
</test>
<test id="s1-t3" name="Cenário 03 - Criar conta" line="20">
<kw name="Dado que acesso a página de login" library="resource">
<msg timestamp="20220721 23:42:48.075" level="FAIL">Keyword with same name defined multiple times.</msg>
<status status="FAIL" starttime="20220721 23:42:48.075" endtime="20220721 23:42:48.075"/>
</kw>
<kw name="Quando clico em &quot;Criar Conta&quot;" library="resource">
<status status="NOT RUN" starttime="20220721 23:42:48.075" endtime="20220721 23:42:48.075"/>
</kw>
<kw name="Então sou direcionado à página de criação da conta" library="resource">
<status status="NOT RUN" starttime="20220721 23:42:48.075" endtime="20220721 23:42:48.075"/>
</kw>
<status status="FAIL" starttime="20220721 23:42:48.075" endtime="20220721 23:42:48.075">Keyword with same name defined multiple times.</status>
</test>
<doc>Arquivo com os Test Cases em BDD</doc>
<status status="FAIL" starttime="20220721 23:42:03.482" endtime="20220721 23:42:48.128"/>
</suite>
<statistics>
<total>
<stat pass="1" fail="2" skip="0">All Tests</stat>
</total>
<tag>
</tag>
<suite>
<stat pass="1" fail="2" skip="0" id="s1" name="Registro Formulario">Registro Formulario</stat>
</suite>
</statistics>
<errors>
<msg timestamp="20220721 23:42:03.638" level="ERROR">Error in file 'C:\Users\nsouz\PycharmProjects\RegistroFormulario\form_registro\resource.robot' on line 2: Non-existing setting ''.</msg>
<msg timestamp="20220721 23:42:03.654" level="ERROR">Error in file 'C:\Users\nsouz\PycharmProjects\RegistroFormulario\form_registro\resource.robot' on line 3: Non-existing setting ''.</msg>
<msg timestamp="20220721 23:42:03.654" level="ERROR">Error in file 'C:\Users\nsouz\PycharmProjects\RegistroFormulario\form_registro\resource.robot' on line 36: Creating keyword 'Dado que acesso a página de login' failed: Keyword with same name defined multiple times.</msg>
</errors>
</robot>
